Download is Started (22:39:33, November 2, 2015)

 Error (HTTP code 404) - 'http://demo.geekslabs.com/materialize/v2.3/layout02/images/yuna.jpg'
 Error (HTTP code 404) - 'http://demo.geekslabs.com/materialize/v2.3/layout02/user-session-timeout.html'
 Error (HTTP code 404) - 'http://demo.geekslabs.com/materialize/v2.3/layout02/!'
 Error (HTTP code 404) - 'http://demo.geekslabs.com/materialize/v2.3/layout02/collections'
 Error (HTTP code 404) - 'http://demo.geekslabs.com/materialize/v2.3/layout02/colors.html'
 Error (HTTP code 404) - 'http://demo.geekslabs.com/materialize/v2.3/layout02/sass.html'
 Error (HTTP code 404) - 'http://demo.geekslabs.com/materialize/v2.3/layout02/components.html'
 Error (HTTP code 404) - 'http://demo.geekslabs.com/materialize/v2.3/layout02/javascript.html'
 Error (HTTP code 404) - 'http://demo.geekslabs.com/materialize/v2.3/layout02/mobile.html'
 Error (HTTP code 404) - 'http://demo.geekslabs.com/materialize/v2.3/layout02/page-register.html'
 Error (HTTP code 404) - 'http://demo.geekslabs.com/materialize/v2.3/layout02/page-forgot-password.html'
 Error (HTTP code 404) - 'http://demo.geekslabs.com/materialize/v2.3/layout02/page-login.html'
 Error (HTTP code 404) - 'http://demo.geekslabs.com/materialize/v2.3/layout02/*/'
 Error (HTTP code 404) - 'http://demo.geekslabs.com/[+~]/,bb=/'
 Error (HTTP code 404) - 'http://demo.geekslabs.com/^(?:'
 Error (HTTP code 404) - 'http://demo.geekslabs.com/materialize/v2.3/layout02/picker.js'
 Error (HTTP code 404) - 'http://demo.geekslabs.com/materialize/v2.3/layout02/t+this.defaultWidth*(this.width/(this.defaultWidth*e))/'
 Error (HTTP code 404) - 'http://demo.geekslabs.com/materialize/v2.3/layout02/</'
 Error (HTTP code 404) - 'http://demo.geekslabs.com/materialize/v2.3/layout02/C(parseInt(b.match(/'
 Error (HTTP code 404) - 'http://demo.geekslabs.com/materialize/v2.3/layout02/b&&(e[Eb]=C(parseInt(b.match(/'
 Error (HTTP code 404) - 'http://demo.geekslabs.com/materialize/v2.3/layout02/locale/'
 Error (HTTP code 404) - 'http://demo.geekslabs.com/materialize/v2.3/layout02/vimeo.com/'
 Error (HTTP code 404) - 'http://demo.geekslabs.com/materialize/v2.3/layout02/b+n+c),o}),f=f.split(/'
 Error (HTTP code 404) - 'http://demo.geekslabs.com/materialize/v2.3/layout02/d(c),h(b-.5,2)+h(c-.5,2)>.25&&(c=e.sqrt(.25-h(b-.5,2))*(2*(c>.5)-1)+.5),j=b+n+c),o}),f=f.split(/'
 Error (HTTP code 404) - 'http://demo.geekslabs.com/materialize/v2.3/layout02/100,W=m.font&&m.font.match(/'
 Error (HTTP code 404) - 'http://demo.geekslabs.com/materialize/v2.3/layout02/d(b),c=d(c),h(b-.5,2)+h(c-.5,2)>.25&&(c=e.sqrt(.25-h(b-.5,2))*(2*(c>.5)-1)+.5),j=b+n+c),o}),f=f.split(/'
 Error (HTTP code 404) - 'http://demo.geekslabs.com/materialize/v2.3/layout02/!0),n.slice(t+1,e).replace(/'
 Error (HTTP code 404) - 'http://demo.geekslabs.com/materialize/v2.3/layout02/r&&(u=!0),n.slice(t+1,e).replace(/'
 Error (HTTP code 404) - 'http://demo.geekslabs.com/materialize/v2.3/layout02/=r&&(u=!0),n.slice(t+1,e).replace(/'
 Error (HTTP code 404) - 'http://demo.geekslabs.com/materialize/v2.3/layout02/==r&&(u=!0),n.slice(t+1,e).replace(/'
 Error (HTTP code 404) - 'http://demo.geekslabs.com/materialize/v2.3/layout02/'+n.replace(/'
 Error (HTTP code 404) - 'http://demo.geekslabs.com/materialize/v2.3/layout02/px/'
 Error (HTTP code 404) - 'http://geekslabs.com/wp-content/uploads/2011/12/LogoPND2.png'

Download is Completed (22:40:08, November 2, 2015)

Summary:
 Number of Files: 158        Total Size: 5.0 MB
